app/build/outputs/mapping/release/mapping.txt
# compiler: R8
# compiler_version: 1.4.77
# min_api: 24
vn.com.japfa.esigning_user.ActivityLogin -> vn.com.japfa.esigning_user.ActivityLogin:
    com.microsoft.aad.adal.AuthenticationResult mAuthResult -> s
    java.lang.String versionLocal -> q
    int REQUEST_PERMISSION -> t
    java.lang.String mUserName -> p
    com.microsoft.aad.adal.AuthenticationContext mAuthContext -> r
    boolean access$000(vn.com.japfa.esigning_user.ActivityLogin,okhttp3.ResponseBody) -> a
    java.lang.String access$100(vn.com.japfa.esigning_user.ActivityLogin) -> a
    com.microsoft.aad.adal.AuthenticationResult access$402(vn.com.japfa.esigning_user.ActivityLogin,com.microsoft.aad.adal.AuthenticationResult) -> a
    java.lang.String access$502(vn.com.japfa.esigning_user.ActivityLogin,java.lang.String) -> a
    boolean writeResponseBodyToDisk(okhttp3.ResponseBody) -> a
    void access$200(vn.com.japfa.esigning_user.ActivityLogin) -> b
    void access$300(vn.com.japfa.esigning_user.ActivityLogin) -> c
    com.microsoft.aad.adal.AuthenticationResult access$400(vn.com.japfa.esigning_user.ActivityLogin) -> d
    void access$600(vn.com.japfa.esigning_user.ActivityLogin) -> e
    void access$700(vn.com.japfa.esigning_user.ActivityLogin) -> f
    void checkVersionAndUpdate() -> m
    void downloadAndInstall() -> n
    void exit() -> o
    com.microsoft.aad.adal.AuthenticationCallback getAuthInteractiveCallback() -> p
    void login() -> q
    void loginMicrosoft() -> r
    void makerequest() -> s
    void requestPermissions() -> t
vn.com.japfa.esigning_user.ActivityLogin$1 -> vn.com.japfa.esigning_user.a:
    vn.com.japfa.esigning_user.ActivityLogin this$0 -> b
    void onFailureCustom(retrofit2.Call,java.lang.Throwable) -> b
    void onResponseCustom(retrofit2.Call,retrofit2.Response) -> b
vn.com.japfa.esigning_user.ActivityLogin$2 -> vn.com.japfa.esigning_user.b:
    android.app.ProgressDialog val$progressDialog -> a
    vn.com.japfa.esigning_user.ActivityLogin this$0 -> b
    void onFailure(retrofit2.Call,java.lang.Throwable) -> a
    void onResponse(retrofit2.Call,retrofit2.Response) -> a
vn.com.japfa.esigning_user.ActivityLogin$3 -> vn.com.japfa.esigning_user.c:
    vn.com.japfa.esigning_user.ActivityLogin this$0 -> b
    void onFailureCustom(retrofit2.Call,java.lang.Throwable) -> b
    void onResponseCustom(retrofit2.Call,retrofit2.Response) -> b
vn.com.japfa.esigning_user.ActivityLogin$4 -> vn.com.japfa.esigning_user.d:
    vn.com.japfa.esigning_user.ActivityLogin this$0 -> a
    void onSuccess(com.microsoft.aad.adal.AuthenticationResult) -> a
vn.com.japfa.esigning_user.ActivityLogin_ -> vn.com.japfa.esigning_user.ActivityLogin_:
    org.androidannotations.api.view.OnViewChangedNotifier onViewChangedNotifier_ -> u
    void init_(android.os.Bundle) -> a
    android.view.View internalFindViewById(int) -> a
vn.com.japfa.esigning_user.ActivityPdfView -> vn.com.japfa.esigning_user.ActivityPdfView:
    com.github.barteksc.pdfviewer.PDFView PDFViewPreview -> p
    void preview() -> m
vn.com.japfa.esigning_user.ActivityPdfView$1 -> vn.com.japfa.esigning_user.e:
    vn.com.japfa.esigning_user.ActivityPdfView this$0 -> b
    void onFailureCustom(retrofit2.Call,java.lang.Throwable) -> b
    void onResponseCustom(retrofit2.Call,retrofit2.Response) -> b
vn.com.japfa.esigning_user.ActivityPdfView_ -> vn.com.japfa.esigning_user.ActivityPdfView_:
    org.androidannotations.api.view.OnViewChangedNotifier onViewChangedNotifier_ -> q
    void init_(android.os.Bundle) -> a
    android.view.View internalFindViewById(int) -> a
    void onViewChanged(org.androidannotations.api.view.HasViews) -> a
vn.com.japfa.esigning_user.Interface.ItemClickListener -> vn.com.japfa.esigning_user.a.a:
    void itemClick(android.view.View,int) -> a
vn.com.japfa.esigning_user.Interface.ItemLongClickListener -> vn.com.japfa.esigning_user.a.b:
    void itemLongClick(android.view.View,int) -> a
vn.com.japfa.esigning_user.Interface.Refresh -> vn.com.japfa.esigning_user.a.c:
    void refreshSuccess(java.util.List) -> a
...
android.support.v7.widget.SearchView$UpdatableTouchDelegate -> android.support.v7.widget.SearchView$e:
    android.view.View mDelegateView -> a
    boolean mDelegateTargeted -> f
    int mSlop -> e
    android.graphics.Rect mActualBounds -> c
    android.graphics.Rect mSlopBounds -> d
    android.graphics.Rect mTargetBounds -> b
    void setBounds(android.graphics.Rect,android.graphics.Rect) -> a
android.support.v7.widget.SimpleItemAnimator -> android.support.v7.widget.Oa:
    boolean mSupportsChangeAnimations -> g
    boolean animateAppearance(android.support.v7.widget.RecyclerView$ViewHolder,android.support.v7.widget.RecyclerView$ItemAnimator$ItemHolderInfo,android.support.v7.widget.RecyclerView$ItemAnimator$ItemHolderInfo) -> a
    boolean animateChange(android.support.v7.widget.RecyclerView$ViewHolder,android.support.v7.widget.RecyclerView$ViewHolder,int,int,int,int) -> a
    boolean animateChange(android.support.v7.widget.RecyclerView$ViewHolder,android.support.v7.widget.RecyclerView$ViewHolder,android.support.v7.widget.RecyclerView$ItemAnimator$ItemHolderInfo,android.support.v7.widget.RecyclerView$ItemAnimator$ItemHolderInfo) -> a
    boolean animateMove(android.support.v7.widget.RecyclerView$ViewHolder,int,int,int,int) -> a
    void dispatchChangeFinished(android.support.v7.widget.RecyclerView$ViewHolder,boolean) -> a
    boolean animateDisappearance(android.support.v7.widget.RecyclerView$ViewHolder,android.support.v7.widget.RecyclerView$ItemAnimator$ItemHolderInfo,android.support.v7.widget.RecyclerView$ItemAnimator$ItemHolderInfo) -> b
    boolean canReuseUpdatedViewHolder(android.support.v7.widget.RecyclerView$ViewHolder) -> b
    void dispatchChangeStarting(android.support.v7.widget.RecyclerView$ViewHolder,boolean) -> b
android.support.v7.widget.StaggeredGridLayoutManager -> android.support.v7.widget.StaggeredGridLayoutManager:
    boolean mLaidOutInvalidFullSpan -> M
    android.support.v7.widget.StaggeredGridLayoutManager$LazySpanLookup mLazySpanLookup -> E
    boolean mSmoothScrollbarEnabled -> N
    int mFullSizeSpec -> J
    int mGapStrategy -> F
    int mPendingScrollPositionOffset -> D
    android.support.v7.widget.StaggeredGridLayoutManager$SavedState mPendingSavedState -> I
    android.support.v7.widget.StaggeredGridLayoutManager$AnchorInfo mAnchorInfo -> L
    int mPendingScrollPosition -> C
    android.graphics.Rect mTmpRect -> K
    android.support.v7.widget.StaggeredGridLayoutManager$Span[] mSpans -> t
    boolean mReverseLayout -> z
    int mSizePerSpan -> x
    android.support.v7.widget.LayoutState mLayoutState -> y
    int mOrientation -> w
    int[] mPrefetchDistances -> O
    boolean mLastLayoutFromEnd -> G
    boolean mLastLayoutRTL -> H
    android.support.v7.widget.OrientationHelper mSecondaryOrientation -> v
    boolean mShouldReverseLayout -> A
    int mSpanCount -> s
    java.util.BitSet mRemainingSpans -> B
    java.lang.Runnable mCheckForGapsRunnable -> P
    android.support.v7.widget.OrientationHelper mPrimaryOrientation -> u
    boolean supportsPredictiveItemAnimations() -> C
    boolean areAllEndsEqual() -> D
    boolean areAllStartsEqual() -> E
    boolean checkForGaps() -> F
    int findFirstVisibleItemPositionInt() -> G
    int getFirstChildPosition() -> H
android.support.v7.widget.StaggeredGridLayoutManager$1 -> android.support.v7.widget.Pa:
    android.support.v7.widget.StaggeredGridLayoutManager this$0 -> a
android.support.v7.widget.StaggeredGridLayoutManager$AnchorInfo -> android.support.v7.widget.StaggeredGridLayoutManager$a:
    int[] mSpanReferenceLines -> f
    android.support.v7.widget.StaggeredGridLayoutManager this$0 -> g
    boolean mValid -> e
    int mOffset -> b
    boolean mLayoutFromEnd -> c
    int mPosition -> a
    boolean mInvalidateOffsets -> d
    void assignCoordinateFromPadding() -> a
    void assignCoordinateFromPadding(int) -> a
    void saveSpanReferenceLines(android.support.v7.widget.StaggeredGridLayoutManager$Span[]) -> a
    void reset() -> b